<?xml version="1.0" encoding="UTF-8"?>
<!-- Generated by org.testng.reporters.JUnitReportReporter -->
<testsuite hostname="DESKTOP-GSF0NSK" failures="0" tests="4" name="demo1.demo12" time="22.007" errors="0" timestamp="26 Jun 2023 20:09:13 GMT" skipped="2">
  <testcase classname="demo1.demo12" name="alert" time="12.017"/>
  <testcase classname="demo1.demo12" name="radiobutton" time="9.990"/>
  <testcase classname="demo1.demo12" name="uploadfile">
    <skipped/>
  </testcase> <!-- uploadfile -->
  <testcase classname="demo1.demo12" name="maketrip">
    <skipped/>
  </testcase> <!-- maketrip -->
</testsuite> <!-- demo1.demo12 -->
